<?xml version="1.0" encoding="UTF-8"?>
<!-- Generated by org.testng.reporters.JUnitXMLReporter -->
<testsuite hostname="Vinod-Mac.local" name="Run the vagrant TestCases" tests="1" failures="1" timestamp="23 Sep 2020 17:15:09 GMT" time="139.79" errors="0">
  <testcase name="reachtheweather" time="0.051" classname="Tests.UiapiAutomation">
    <failure type="java.lang.NullPointerException">
        <![CDATA[java.lang.NullPointerException
	at com.google.common.base.Preconditions.checkNotNull(Preconditions.java:787)
	at org.openqa.selenium.support.ui.FluentWait.<init>(FluentWait.java:96)
	at org.openqa.selenium.support.ui.FluentWait.<init>(FluentWait.java:87)
	at BrowserLaunch.WebDriverInStance.visibilityOf(WebDriverInStance.java:142)
	at Pages.NdtvHomePage.reachtheweather(phaseone.java:52)
	at Tests.UiapiAutomation.reachtheweather(Phaseone.java:14)
... Removed 24 stack frames]]>
    </failure>
  </testcase> <!-- reachtheweather -->
</testsuite> <!-- Run the vagrant TestCases -->
